<?xml version="1.0" encoding="UTF-8"?>
<!-- Generated by org.testng.reporters.JUnitReportReporter -->
<testsuite hostname="DESKTOP-HE77EJK" failures="0" tests="1" name="esauCompany.Tests.FirstTest" time="2.821" errors="0" timestamp="2024-05-28T17:29:42 PDT" skipped="0">
  <testcase classname="esauCompany.Tests.FirstTest" name="testExample" time="2.821"/>
</testsuite> <!-- esauCompany.Tests.FirstTest -->
