<?xml version="1.0" encoding="UTF-8"?>
<!-- Generated by org.testng.reporters.JUnitReportReporter -->
<testsuite hostname="DESKTOP-HE77EJK" failures="0" tests="4" name="esauCompany.Tests.ProductPageTest" time="11.084" errors="0" timestamp="2025-06-10T10:27:32 PDT" skipped="0">
  <testcase classname="esauCompany.Tests.ProductPageTest" name="SortNameTestZToA" time="1.739"/>
  <testcase classname="esauCompany.Tests.ProductPageTest" name="SortPriceHighToLow" time="1.830"/>
  <testcase classname="esauCompany.Tests.ProductPageTest" name="SortNameTestAToZ" time="1.842"/>
  <testcase classname="esauCompany.Tests.ProductPageTest" name="SortPriceLowToHigh" time="5.673"/>
</testsuite> <!-- esauCompany.Tests.ProductPageTest -->
