<?xml version="1.0" encoding="UTF-8"?>
<!-- Generated by org.testng.reporters.JUnitReportReporter -->
<testsuite hostname="DESKTOP-HE77EJK" failures="1" tests="4" name="esauCompany.Tests.ProductPageTest" time="7.573" errors="0" timestamp="2025-05-27T10:00:48 PDT" skipped="0">
  <testcase classname="esauCompany.Tests.ProductPageTest" name="SortNameTestZToA" time="1.657"/>
  <testcase classname="esauCompany.Tests.ProductPageTest" name="SortNameTestAToZ" time="2.397"/>
  <testcase classname="esauCompany.Tests.ProductPageTest" name="SortPriceHighToLow" time="1.683"/>
  <testcase classname="esauCompany.Tests.ProductPageTest" name="SortPriceLowToHigh" time="1.836">
    <failure message="Prices not sorted low to high.: Lists differ at element [0]: 7.99 != 49.99 expected [7.99] but found [49.99]" type="java.lang.AssertionError">
      <![CDATA[java.lang.AssertionError: Prices not sorted low to high.: Lists differ at element [0]: 7.99 != 49.99 expected [7.99] but found [49.99]
at org.testng.Assert.fail(Assert.java:111)
at org.testng.Assert.failNotEquals(Assert.java:1590)
at org.testng.Assert.assertEqualsImpl(Assert.java:150)
at org.testng.Assert.assertEquals(Assert.java:1656)
at esauCompany.Tests.ProductPageTest.SortPriceLowToHigh(ProductPageTest.java:57)
at java.base/jdk.internal.reflect.NativeMethodAccessorImpl.invoke0(Native Method)
at java.base/jdk.internal.reflect.NativeMethodAccessorImpl.invoke(NativeMethodAccessorImpl.java:77)
at java.base/jdk.internal.reflect.DelegatingMethodAccessorImpl.invoke(DelegatingMethodAccessorImpl.java:43)
at java.base/java.lang.reflect.Method.invoke(Method.java:569)
at org.testng.internal.invokers.MethodInvocationHelper.invokeMethod(MethodInvocationHelper.java:141)
at org.testng.internal.invokers.TestInvoker.invokeMethod(TestInvoker.java:687)
at org.testng.internal.invokers.TestInvoker.invokeTestMethod(TestInvoker.java:230)
at org.testng.internal.invokers.MethodRunner.runInSequence(MethodRunner.java:63)
at org.testng.internal.invokers.TestInvoker$MethodInvocationAgent.invoke(TestInvoker.java:995)
at org.testng.internal.invokers.TestInvoker.invokeTestMethods(TestInvoker.java:203)
at org.testng.internal.invokers.TestMethodWorker.invokeTestMethods(TestMethodWorker.java:154)
at org.testng.internal.invokers.TestMethodWorker.run(TestMethodWorker.java:134)
at java.base/java.util.ArrayList.forEach(ArrayList.java:1511)
at org.testng.TestRunner.privateRun(TestRunner.java:741)
at org.testng.TestRunner.run(TestRunner.java:616)
at org.testng.SuiteRunner.runTest(SuiteRunner.java:421)
at org.testng.SuiteRunner$SuiteWorker.run(SuiteRunner.java:463)
at org.testng.internal.thread.ThreadUtil.lambda$execute$0(ThreadUtil.java:64)
at java.base/java.util.concurrent.FutureTask.run(FutureTask.java:264)
at java.base/java.util.concurrent.ThreadPoolExecutor.runWorker(ThreadPoolExecutor.java:1136)
at java.base/java.util.concurrent.ThreadPoolExecutor$Worker.run(ThreadPoolExecutor.java:635)
at java.base/java.lang.Thread.run(Thread.java:840)
]]>
    </failure>
  </testcase> <!-- SortPriceLowToHigh -->
</testsuite> <!-- esauCompany.Tests.ProductPageTest -->
