<?xml version="1.0" encoding="UTF-8"?>
<!-- Generated by org.testng.reporters.JUnitReportReporter -->
<testsuite hostname="DESKTOP-HE77EJK" failures="0" tests="1" name="esauCompany.Tests.LoginTest" time="3.530" errors="0" timestamp="2024-06-04T11:12:59 PDT" skipped="0">
  <testcase classname="esauCompany.Tests.LoginTest" name="login" time="3.530"/>
</testsuite> <!-- esauCompany.Tests.LoginTest -->
