<?xml version="1.0" encoding="UTF-8"?>
<!-- Generated by org.testng.reporters.JUnitReportReporter -->
<testsuite hostname="DESKTOP-HE77EJK" failures="0" tests="1" name="esauCompany.Tests.FirstTest" time="4.199" errors="0" timestamp="2024-06-01T16:29:52 PDT" skipped="0">
  <testcase classname="esauCompany.Tests.FirstTest" name="testExample" time="4.199"/>
</testsuite> <!-- esauCompany.Tests.FirstTest -->
