<?xml version="1.0" encoding="UTF-8"?>
<!-- Generated by org.testng.reporters.JUnitReportReporter -->
<testsuite hostname="DESKTOP-HE77EJK" failures="0" tests="1" name="esauCompany.Tests.ShoppingTest" time="3.208" errors="0" timestamp="2025-05-26T14:37:15 PDT" skipped="0">
  <testcase classname="esauCompany.Tests.ShoppingTest" name="shopping" time="3.208"/>
</testsuite> <!-- esauCompany.Tests.ShoppingTest -->
