<?xml version="1.0" encoding="UTF-8"?>
<!-- Generated by org.testng.reporters.JUnitReportReporter -->
<testsuite hostname="DESKTOP-HE77EJK" failures="0" tests="2" name="esauCompany.Tests.LoginTest" time="4.324" errors="0" timestamp="2025-05-26T14:37:15 PDT" skipped="0">
  <testcase classname="esauCompany.Tests.LoginTest" name="negativeLogin" time="1.383"/>
  <testcase classname="esauCompany.Tests.LoginTest" name="positiveLogin" time="2.941"/>
</testsuite> <!-- esauCompany.Tests.LoginTest -->
