<?xml version="1.0" encoding="UTF-8"?>
<!-- Generated by org.testng.reporters.JUnitReportReporter -->
<testsuite hostname="DESKTOP-HE77EJK" failures="0" tests="3" name="esauCompany.Tests.LoginTest" time="6.499" errors="0" timestamp="2024-06-08T11:12:40 PDT" skipped="0">
  <testcase classname="esauCompany.Tests.LoginTest" name="problemLogin" time="1.662"/>
  <testcase classname="esauCompany.Tests.LoginTest" name="positiveLogin" time="1.698"/>
  <testcase classname="esauCompany.Tests.LoginTest" name="negativeLogin" time="3.139"/>
</testsuite> <!-- esauCompany.Tests.LoginTest -->
