<?xml version="1.0" encoding="UTF-8"?>
<!-- Generated by org.testng.reporters.JUnitReportReporter -->
<testsuite hostname="DESKTOP-HE77EJK" failures="0" tests="2" name="esauCompany.Tests.LoginTest" time="13.345" errors="0" timestamp="2025-05-29T10:39:38 PDT" skipped="0">
  <testcase classname="esauCompany.Tests.LoginTest" name="positiveLogin" time="10.123"/>
  <testcase classname="esauCompany.Tests.LoginTest" name="negativeLogin" time="3.222"/>
</testsuite> <!-- esauCompany.Tests.LoginTest -->
